     1                                  extern printf
     2                                  global showarray                 ; Capacity limit for number of elements allowed in array.
     3                                  
     4                                  section .data
     5 00000000 256C64200A00                number db "%ld ", 10, 0
     6                                  
     7                                  section .bss       ; Uninitialized array with 100 reserved qwords.
     8                                      
     9                                  section .text
    10                                      
    11                                  
    12                                  showarray:
    13                                  
    14                                  ; Back up all registers and set stack pointer to base pointer
    15 00000000 55                      push rbp
    16 00000001 4889E5                  mov rbp, rsp
    17 00000004 57                      push rdi
    18 00000005 56                      push rsi
    19 00000006 52                      push rdx
    20 00000007 51                      push rcx
    21 00000008 4150                    push r8
    22 0000000A 4151                    push r9
    23 0000000C 4152                    push r10
    24 0000000E 4153                    push r11
    25 00000010 4154                    push r12
    26 00000012 4155                    push r13
    27 00000014 4156                    push r14
    28 00000016 4157                    push r15
    29 00000018 53                      push rbx
    30 00000019 9C                      pushf
    31                                  
    32 0000001A 6AFF                    push qword -1                           ; Extra push to create even number of pushes
    33                                  
    34                                  ;-----------------------------INITIALIZE PARAMETERS-----------------------------------------
    35 0000001C 4989FE                  mov qword r14, rdi                        ; Reserve register for number of elements in array.
    36 0000001F 4989F5                  mov qword r13, rsi                        ; Reserve register for largest number in array.
    37                                  
    38 00000022 41BC00000000            mov qword r12, 0                        ; counter
    39                                  
    40                                  beginloop:
    41                                  
    42 00000028 4D39EC                  cmp r12, r13
    43 0000002B 7D1D                    jge endloop
    44                                  
    45 0000002D B800000000              mov rax, 0
    46 00000032 48BF-                   mov rdi, number
    46 00000034 [0000000000000000] 
    47 0000003C 4B8B34E6                mov rsi, [r14 + r12 * 8]
    48 00000040 E8(00000000)            call printf
    49                                  
    50 00000045 49FFC4                  inc r12
    51                                  
    52 00000048 EBDE                    jmp beginloop
    53                                  
    54                                  endloop:
    55                                  ;-----------------------------END OF FILE-----------------------------------------------
    56                                  
    57                                  ; Restores all registers to their original state.
    58 0000004A 58                      pop rax                                  ; Remove extra push of -1 from stack.
    59                                  
    60 0000004B 9D                      popf                                                 
    61 0000004C 5B                      pop rbx                                                     
    62 0000004D 415F                    pop r15                                                     
    63 0000004F 415E                    pop r14                                                      
    64 00000051 415D                    pop r13                                                      
    65 00000053 415C                    pop r12                                                      
    66 00000055 415B                    pop r11                                                     
    67 00000057 415A                    pop r10                                                     
    68 00000059 4159                    pop r9                                                      
    69 0000005B 4158                    pop r8                                                      
    70 0000005D 59                      pop rcx                                                     
    71 0000005E 5A                      pop rdx                                                     
    72 0000005F 5E                      pop rsi                                                     
    73 00000060 5F                      pop rdi                                                     
    74 00000061 5D                      pop rbp
    75                                  
    76 00000062 C3                      ret
