     1                                  ;********************************************************************************************
     2                                  ; Program name:          Reverse Array                                            *
     3                                  ; Programming Language:  x86 Assembly                                                       *
     4                                  ; Program Description:   This program asks a user to input integers into an array and       *
     5                                  ;                        returns array in reverse.                          *
     6                                  ;                                                                                           *
     7                                  ;********************************************************************************************
     8                                  ; Author Information:                                                                       *
     9                                  ; Name:         Bilal El-haghassan                                                          *
    10                                  ; Email:        bilalelhaghassan@csu.fullerton.edu                                          *    
    11                                  ; Institution:  California State University - Fullerton                                     *
    12                                  ; Course:       CPSC 240-05 Assembly Language                                               *
    13                                  ;                                                                                           *
    14                                  ;********************************************************************************************
    15                                  ; Copyright (C) 2020 Bilal El-haghassan                                                     *
    16                                  ; This program is free software: you can redistribute it and/or modify it under the terms   * 
    17                                  ; of the GNU General Public License version 3 as published by the Free Software Foundation. * 
    18                                  ; This program is distributed in the hope that it will be useful, but WITHOUT ANY WARRANTY  *
    19                                  ; without even the implied Warranty of MERCHANTABILITY or FITNESS FOR A PARTICULAR PURPOSE. * 
    20                                  ; See the GNU General Public License for more details. A copy of the GNU General Public     *
    21                                  ; License v3 is available here:  <https://www.gnu.org/licenses/>.                           *
    22                                  ;                                                                                           *
    23                                  ;********************************************************************************************
    24                                  global gettime                     ; Makes function callable from other linked files.
    25                                  
    26                                  section .data
    27                                  section .bss
    28                                  section .text
    29                                  
    30                                  gettime:
    31                                  
    32                                  ; Back up all registers and set stack pointer to base pointer
    33 00000000 55                      push rbp
    34 00000001 4889E5                  mov rbp, rsp
    35 00000004 57                      push rdi
    36 00000005 56                      push rsi
    37 00000006 52                      push rdx
    38 00000007 51                      push rcx
    39 00000008 4150                    push r8
    40 0000000A 4151                    push r9
    41 0000000C 4152                    push r10
    42 0000000E 4153                    push r11
    43 00000010 4154                    push r12
    44 00000012 4155                    push r13
    45 00000014 4156                    push r14
    46 00000016 4157                    push r15
    47 00000018 53                      push rbx
    48 00000019 9C                      pushf
    49                                  
    50 0000001A 6AFF                    push qword -1                           ; Extra push to create even number of pushes
    51                                  
    52                                  ;----------------------------------READ CLOCK-----------------------------------------------
    53                                  
    54 0000001C B800000000              mov rax, 0  
    55 00000021 BA00000000              mov rdx, 0
    56                                  
    57 00000026 0FA2                    cpuid
    58 00000028 0F31                    rdtsc
    59                                  
    60 0000002A 48C1E220                shl rdx, 32
    61 0000002E 4801D0                  add rax, rdx
    62                                  
    63                                  ;---------------------------------END OF FILE-----------------------------------------------
    64                                  
    65                                  ; Restores all registers to their original state.
    66 00000031 4158                    pop r8                                ; Remove extra push of -1 from stack.
    67                                  
    68 00000033 9D                      popf                                                 
    69 00000034 5B                      pop rbx                                                     
    70 00000035 415F                    pop r15                                                     
    71 00000037 415E                    pop r14                                                      
    72 00000039 415D                    pop r13                                                      
    73 0000003B 415C                    pop r12                                                      
    74 0000003D 415B                    pop r11                                                     
    75 0000003F 415A                    pop r10                                                     
    76 00000041 4159                    pop r9                                                      
    77 00000043 4158                    pop r8                                                      
    78 00000045 59                      pop rcx                                                     
    79 00000046 5A                      pop rdx                                                     
    80 00000047 5E                      pop rsi                                                     
    81 00000048 5F                      pop rdi                                                     
    82 00000049 5D                      pop rbp
    83                                  
    84 0000004A C3                      ret
